<?xml version="1.0" encoding="UTF-8"?>
<testsuite name="com.example.demo.repository.MemoryMemberRepositoryTest" tests="3" skipped="0" failures="0" errors="0" timestamp="2022-03-19T01:49:00" hostname="GregLeeui-MacBookPro.local" time="0.069">
  <properties/>
  <testcase name="findAll()" classname="com.example.demo.repository.MemoryMemberRepositoryTest" time="0.06"/>
  <testcase name="findByName()" classname="com.example.demo.repository.MemoryMemberRepositoryTest" time="0.002"/>
  <testcase name="save()" classname="com.example.demo.repository.MemoryMemberRepositoryTest" time="0.003"/>
  <system-out><![CDATA[]]></system-out>
  <system-err><![CDATA[]]></system-err>
</testsuite>
